<?xml version="1.0" encoding="UTF-8"?>
<testng-results ignored="0" total="1" passed="1" failed="0" skipped="0">
  <reporter-output>
  </reporter-output>
  <suite started-at="2026-03-03T08:21:37 IST" name="Suite" finished-at="2026-03-03T08:23:07 IST" duration-ms="89872">
    <groups>
    </groups>
    <test started-at="2026-03-03T08:21:37 IST" name="Test" finished-at="2026-03-03T08:23:07 IST" duration-ms="89872">
      <class name="com.zoob.signup.pages.testscripts.IndividualAccountTestScript">
        <test-method is-config="true" signature="beforeSuiteMethod()[pri:0, instance:com.zoob.signup.pages.testscripts.IndividualAccountTestScript@587e5365]" started-at="2026-03-03T08:21:36 IST" name="beforeSuiteMethod" finished-at="2026-03-03T08:21:37 IST" duration-ms="831" status="PASS">
          <reporter-output>
          </reporter-output>
        </test-method> <!-- beforeSuiteMethod -->
        <test-method is-config="true" signature="beforeTestMethod()[pri:0, instance:com.zoob.signup.pages.testscripts.IndividualAccountTestScript@587e5365]" started-at="2026-03-03T08:21:37 IST" name="beforeTestMethod" finished-at="2026-03-03T08:21:37 IST" duration-ms="2" status="PASS">
          <reporter-output>
          </reporter-output>
        </test-method> <!-- beforeTestMethod -->
        <test-method is-config="true" signature="beforeClassMethod()[pri:0, instance:com.zoob.signup.pages.testscripts.IndividualAccountTestScript@587e5365]" started-at="2026-03-03T08:21:37 IST" name="beforeClassMethod" finished-at="2026-03-03T08:21:37 IST" duration-ms="1" status="PASS">
          <reporter-output>
          </reporter-output>
        </test-method> <!-- beforeClassMethod -->
        <test-method is-config="true" signature="beforeMethod(java.lang.reflect.Method)[pri:0, instance:com.zoob.signup.pages.testscripts.IndividualAccountTestScript@587e5365]" started-at="2026-03-03T08:21:37 IST" name="beforeMethod" finished-at="2026-03-03T08:22:31 IST" duration-ms="53712" status="PASS">
          <params>
            <param index="0">
              <value>
                <![CDATA[public void com.zoob.signup.pages.testscripts.IndividualAccountTestScript.createIndividualAccount()]]>
              </value>
            </param>
          </params>
          <reporter-output>
          </reporter-output>
        </test-method> <!-- beforeMethod -->
        <test-method signature="createIndividualAccount()[pri:0, instance:com.zoob.signup.pages.testscripts.IndividualAccountTestScript@587e5365]" started-at="2026-03-03T08:22:31 IST" name="createIndividualAccount" finished-at="2026-03-03T08:23:06 IST" duration-ms="35044" status="PASS">
          <reporter-output>
          </reporter-output>
        </test-method> <!-- createIndividualAccount -->
        <test-method is-config="true" signature="afterMethod()[pri:0, instance:com.zoob.signup.pages.testscripts.IndividualAccountTestScript@587e5365]" started-at="2026-03-03T08:23:06 IST" name="afterMethod" finished-at="2026-03-03T08:23:06 IST" duration-ms="0" status="PASS">
          <reporter-output>
          </reporter-output>
        </test-method> <!-- afterMethod -->
        <test-method is-config="true" signature="afterClass()[pri:0, instance:com.zoob.signup.pages.testscripts.IndividualAccountTestScript@587e5365]" started-at="2026-03-03T08:23:06 IST" name="afterClass" finished-at="2026-03-03T08:23:07 IST" duration-ms="1006" status="PASS">
          <reporter-output>
          </reporter-output>
        </test-method> <!-- afterClass -->
        <test-method is-config="true" signature="afterTest()[pri:0, instance:com.zoob.signup.pages.testscripts.IndividualAccountTestScript@587e5365]" started-at="2026-03-03T08:23:07 IST" name="afterTest" finished-at="2026-03-03T08:23:07 IST" duration-ms="0" status="PASS">
          <reporter-output>
          </reporter-output>
        </test-method> <!-- afterTest -->
        <test-method is-config="true" signature="afterSuite()[pri:0, instance:com.zoob.signup.pages.testscripts.IndividualAccountTestScript@587e5365]" started-at="2026-03-03T08:23:07 IST" name="afterSuite" finished-at="2026-03-03T08:23:07 IST" duration-ms="0" status="PASS">
          <reporter-output>
          </reporter-output>
        </test-method> <!-- afterSuite -->
      </class> <!-- com.zoob.signup.pages.testscripts.IndividualAccountTestScript -->
    </test> <!-- Test -->
  </suite> <!-- Suite -->
</testng-results>
