<?xml version="1.0" encoding="UTF-8"?>
<!-- Generated by org.testng.reporters.JUnitReportReporter -->
<testsuite hostname="ShaileshKumar" failures="0" tests="1" name="com.zoob.signup.pages.testscripts.IndividualAccountTestScript" time="88.756" errors="0" timestamp="2026-03-03T08:23:07 IST" skipped="0">
  <testcase classname="com.zoob.signup.pages.testscripts.IndividualAccountTestScript" name="createIndividualAccount" time="88.756"/>
</testsuite> <!-- com.zoob.signup.pages.testscripts.IndividualAccountTestScript -->
